<?xml version="1.0" encoding="UTF-8"?>
<testng-results skipped="0" failed="1" ignored="0" total="1" passed="0">
  <reporter-output>
    <line>
      <![CDATA[Browsing to URL: http://maps.google.com]]>
    </line>
    <line>
      <![CDATA[Before the screenshot..]]>
    </line>
  </reporter-output>
  <suite name="Default suite" duration-ms="45628" started-at="2018-10-11T11:58:22Z" finished-at="2018-10-11T11:59:07Z">
    <groups>
    </groups>
    <test name="Default test" duration-ms="45628" started-at="2018-10-11T11:58:22Z" finished-at="2018-10-11T11:59:07Z">
      <class name="com.amazon.auto.tests.ScreenshotTest">
        <test-method status="PASS" signature="beforeClass()[pri:0, instance:com.amazon.auto.tests.ScreenshotTest@77caeb3e]" name="beforeClass" is-config="true" duration-ms="24003" started-at="2018-10-11T11:58:22Z" finished-at="2018-10-11T11:58:46Z">
          <reporter-output>
          </reporter-output>
        </test-method> <!-- beforeClass -->
        <test-method status="FAIL" signature="screenshotTest()[pri:0, instance:com.amazon.auto.tests.ScreenshotTest@77caeb3e]" name="screenshotTest" duration-ms="18408" started-at="2018-10-11T11:58:46Z" finished-at="2018-10-11T11:59:04Z">
          <exception class="java.lang.Exception">
            <message>
              <![CDATA[This is very bad!]]>
            </message>
            <full-stacktrace>
              <![CDATA[java.lang.Exception: This is very bad!
at com.amazon.auto.tests.ScreenshotTest.screenshotTest(ScreenshotTest.java:15)
at sun.reflect.NativeMethodAccessorImpl.invoke0(Native Method)
at sun.reflect.NativeMethodAccessorImpl.invoke(NativeMethodAccessorImpl.java:62)
at sun.reflect.DelegatingMethodAccessorImpl.invoke(DelegatingMethodAccessorImpl.java:43)
at java.lang.reflect.Method.invoke(Method.java:498)
at org.testng.internal.MethodInvocationHelper.invokeMethod(MethodInvocationHelper.java:124)
at org.testng.internal.Invoker.invokeMethod(Invoker.java:583)
at org.testng.internal.Invoker.invokeTestMethod(Invoker.java:719)
at org.testng.internal.Invoker.invokeTestMethods(Invoker.java:989)
at org.testng.internal.TestMethodWorker.invokeTestMethods(TestMethodWorker.java:125)
at org.testng.internal.TestMethodWorker.run(TestMethodWorker.java:109)
at org.testng.TestRunner.privateRun(TestRunner.java:648)
at org.testng.TestRunner.run(TestRunner.java:505)
at org.testng.SuiteRunner.runTest(SuiteRunner.java:455)
at org.testng.SuiteRunner.runSequentially(SuiteRunner.java:450)
at org.testng.SuiteRunner.privateRun(SuiteRunner.java:415)
at org.testng.SuiteRunner.run(SuiteRunner.java:364)
at org.testng.SuiteRunnerWorker.runSuite(SuiteRunnerWorker.java:52)
at org.testng.SuiteRunnerWorker.run(SuiteRunnerWorker.java:84)
at org.testng.TestNG.runSuitesSequentially(TestNG.java:1208)
at org.testng.TestNG.runSuitesLocally(TestNG.java:1137)
at org.testng.TestNG.runSuites(TestNG.java:1049)
at org.testng.TestNG.run(TestNG.java:1017)
at org.testng.remote.AbstractRemoteTestNG.run(AbstractRemoteTestNG.java:132)
at org.testng.remote.RemoteTestNG.initAndRun(RemoteTestNG.java:230)
at org.testng.remote.RemoteTestNG.main(RemoteTestNG.java:76)
]]>
            </full-stacktrace>
          </exception> <!-- java.lang.Exception -->
          <reporter-output>
            <line>
              <![CDATA[Browsing to URL: http://maps.google.com]]>
            </line>
            <line>
              <![CDATA[Before the screenshot..]]>
            </line>
          </reporter-output>
        </test-method> <!-- screenshotTest -->
        <test-method status="PASS" signature="beforeMethod()[pri:0, instance:com.amazon.auto.tests.ScreenshotTest@77caeb3e]" name="beforeMethod" is-config="true" duration-ms="0" started-at="2018-10-11T11:58:46Z" finished-at="2018-10-11T11:58:46Z">
          <reporter-output>
          </reporter-output>
        </test-method> <!-- beforeMethod -->
        <test-method status="PASS" signature="afterMethod()[pri:0, instance:com.amazon.auto.tests.ScreenshotTest@77caeb3e]" name="afterMethod" is-config="true" duration-ms="1168" started-at="2018-10-11T11:59:06Z" finished-at="2018-10-11T11:59:07Z">
          <reporter-output>
          </reporter-output>
        </test-method> <!-- afterMethod -->
        <test-method status="PASS" signature="afterClass()[pri:0, instance:com.amazon.auto.tests.ScreenshotTest@77caeb3e]" name="afterClass" is-config="true" duration-ms="0" started-at="2018-10-11T11:59:07Z" finished-at="2018-10-11T11:59:07Z">
          <reporter-output>
          </reporter-output>
        </test-method> <!-- afterClass -->
      </class> <!-- com.amazon.auto.tests.ScreenshotTest -->
    </test> <!-- Default test -->
  </suite> <!-- Default suite -->
</testng-results>
